[debug] [2026-03-26T12:00:26.815Z] ----------------------------------------------------------------------
[debug] [2026-03-26T12:00:26.818Z] Command:       C:\Program Files\nodejs\node.exe C:\Users\PC\AppData\Roaming\npm\node_modules\firebase-tools\lib\bin\firebase.js init hosting
[debug] [2026-03-26T12:00:26.818Z] CLI Version:   15.11.0
[debug] [2026-03-26T12:00:26.818Z] Platform:      win32
[debug] [2026-03-26T12:00:26.818Z] Node Version:  v20.17.0
[debug] [2026-03-26T12:00:26.818Z] Time:          Thu Mar 26 2026 16:00:26 GMT+0400 (Georgia Standard Time)
[debug] [2026-03-26T12:00:26.819Z] ----------------------------------------------------------------------
[debug] 
[info] 
     ######## #### ########  ######## ########     ###     ######  ########
     ##        ##  ##     ## ##       ##     ##  ##   ##  ##       ##
     ######    ##  ########  ######   ########  #########  ######  ######
     ##        ##  ##    ##  ##       ##     ## ##     ##       ## ##
     ##       #### ##     ## ######## ########  ##     ##  ######  ########

You're about to initialize a Firebase project in this directory:

  D:\Antigravity Folder\Project Hexagon Layout

[info] 
=== Project Setup
[info] 
[info] First, let's associate this project directory with a Firebase project.
[info] You can create multiple project aliases by running firebase use --add, 
[info] 
[debug] [2026-03-26T12:00:59.442Z] > command requires scopes: ["email","openid","https://www.googleapis.com/auth/cloudplatformprojects.readonly","https://www.googleapis.com/auth/firebase","https://www.googleapis.com/auth/cloud-platform"]
[debug] [2026-03-26T12:00:59.443Z] > authorizing via signed-in user (lomiddze@gmail.com)
[debug] [2026-03-26T12:00:59.445Z] Checked if tokens are valid: true, expires at: 1774529861840
[debug] [2026-03-26T12:00:59.445Z] Checked if tokens are valid: true, expires at: 1774529861840
[debug] [2026-03-26T12:00:59.446Z] >>> [apiv2][query] GET https://firebase.googleapis.com/v1beta1/projects pageSize=100
[debug] [2026-03-26T12:00:59.980Z] <<< [apiv2][status] GET https://firebase.googleapis.com/v1beta1/projects 200
[debug] [2026-03-26T12:00:59.980Z] <<< [apiv2][body] GET https://firebase.googleapis.com/v1beta1/projects [omitted]
[info] 
=== Hosting Setup
[debug] [2026-03-26T12:01:03.770Z] Checked if tokens are valid: true, expires at: 1774529861840
[debug] [2026-03-26T12:01:03.770Z] Checked if tokens are valid: true, expires at: 1774529861840
[debug] [2026-03-26T12:01:03.770Z] >>> [apiv2][query] GET https://firebase.googleapis.com/v1beta1/projects/hexagontest-68a09 [none]
[debug] [2026-03-26T12:01:04.144Z] <<< [apiv2][status] GET https://firebase.googleapis.com/v1beta1/projects/hexagontest-68a09 200
[debug] [2026-03-26T12:01:04.144Z] <<< [apiv2][body] GET https://firebase.googleapis.com/v1beta1/projects/hexagontest-68a09 {"projectId":"hexagontest-68a09","projectNumber":"313154102065","displayName":"HexagonTest","name":"projects/hexagontest-68a09","resources":{"hostingSite":"hexagontest-68a09"},"state":"ACTIVE","etag":"1_97b80e06-2aff-48e4-b114-c20d1772e4cc"}
[info] 
[info] Your public directory is the folder (relative to your project directory) that
[info] will contain Hosting assets to be uploaded with firebase deploy. If you
[info] have a build process for your assets, use your build's output directory.
[info] 
